Build started 1.4.2015 г. 14:00:24 ч..
     1>Project "C:\Users\Steve\Desktop\Организации\Codi Camp\Cources\Intro Game Development C++\Lecture5_Indielib\MyGame\Tutorials\tutorials\win\benchmark\01_Alien_BenchMark\Bench_01_Alien_BenchMark.vcxproj" on node 2 (Build target(s)).
     1>ClCompile:
         D:\programs\vs2013express\VC\bin\CL.exe /c /I..\..\..\..\common\include /Zi /nologo /W4 /WX- /Od /Oy- /D WIN32 /D NDEBUG /Gm /EHsc /RTC1 /MDd /GS- /Gy /fp:precise /Zc:wchar_t /Zc:forScope /Fo"C:\Users\Steve\Desktop\Организации\Codi Camp\Cources\Intro Game Development C++\Lecture5_Indielib\MyGame\Tutorials\tutorials\win\/build/Development_Debug/Bench_01_Alien_BenchMark\\" /Fd"C:\Users\Steve\Desktop\Организации\Codi Camp\Cources\Intro Game Development C++\Lecture5_Indielib\MyGame\Tutorials\bin\win\Bench_01_Alien_BenchMark.pdb" /Gd /TP /analyze- /errorReport:prompt ..\..\..\benchmark\01_Alien_BenchMark\CIndieLib_vc2008.cpp ..\..\..\benchmark\01_Alien_BenchMark\CTerrain.cpp ..\..\..\benchmark\01_Alien_BenchMark\CUfo.cpp ..\..\..\benchmark\01_Alien_BenchMark\Tutorial01.cpp ..\..\..\WorkingPath.cpp
         WorkingPath.cpp
         Tutorial01.cpp
     1>c1xx : fatal error C1083: Cannot open source file: '..\..\..\benchmark\01_Alien_BenchMark\Tutorial01.cpp': No such file or directory
         CUfo.cpp
     1>c1xx : fatal error C1083: Cannot open source file: '..\..\..\benchmark\01_Alien_BenchMark\CUfo.cpp': No such file or directory
         CTerrain.cpp
     1>c1xx : fatal error C1083: Cannot open source file: '..\..\..\benchmark\01_Alien_BenchMark\CTerrain.cpp': No such file or directory
         CIndieLib_vc2008.cpp
     1>c1xx : fatal error C1083: Cannot open source file: '..\..\..\benchmark\01_Alien_BenchMark\CIndieLib_vc2008.cpp': No such file or directory
         Generating Code...
     1>Done Building Project "C:\Users\Steve\Desktop\Организации\Codi Camp\Cources\Intro Game Development C++\Lecture5_Indielib\MyGame\Tutorials\tutorials\win\benchmark\01_Alien_BenchMark\Bench_01_Alien_BenchMark.vcxproj" (Build target(s)) -- FAILED.

Build FAILED.

Time Elapsed 00:00:01.15
